<?xml version="1.0" encoding="UTF-8"?>
<coverage generated="1765822640772" clover="3.2.0">
  <project timestamp="1765822640773" name="All files">
    <metrics statements="43" coveredstatements="39" conditionals="27" coveredconditionals="24" methods="19" coveredmethods="16" elements="89" coveredelements="79" complexity="0" loc="43" ncloc="43" packages="2" files="4" classes="4"/>
    <package name="components">
      <metrics statements="34" coveredstatements="31" conditionals="25" coveredconditionals="23" methods="15" coveredmethods="12"/>
      <file name="RecipeDetail.jsx" path="C:\Users\Mauricio\Documents\centroeventos\src\components\RecipeDetail.jsx">
        <metrics statements="8" coveredstatements="8" conditionals="4" coveredconditionals="4" methods="2" coveredmethods="2"/>
        <line num="4" count="1" type="stmt"/>
        <line num="15" count="4" type="stmt"/>
        <line num="16" count="4" type="stmt"/>
        <line num="20" count="4" type="cond" truecount="2" falsecount="0"/>
        <line num="21" count="2" type="cond" truecount="2" falsecount="0"/>
        <line num="23" count="1" type="stmt"/>
        <line num="25" count="1" type="stmt"/>
        <line num="41" count="5" type="stmt"/>
      </file>
      <file name="RecipeList.jsx" path="C:\Users\Mauricio\Documents\centroeventos\src\components\RecipeList.jsx">
        <metrics statements="26" coveredstatements="23" conditionals="21" coveredconditionals="19" methods="13" coveredmethods="10"/>
        <line num="5" count="14" type="stmt"/>
        <line num="6" count="14" type="stmt"/>
        <line num="7" count="14" type="stmt"/>
        <line num="8" count="14" type="stmt"/>
        <line num="9" count="14" type="stmt"/>
        <line num="11" count="14" type="stmt"/>
        <line num="12" count="3" type="stmt"/>
        <line num="13" count="3" type="stmt"/>
        <line num="15" count="2" type="stmt"/>
        <line num="16" count="2" type="stmt"/>
        <line num="19" count="1" type="stmt"/>
        <line num="20" count="1" type="stmt"/>
        <line num="24" count="14" type="cond" truecount="2" falsecount="0"/>
        <line num="26" count="11" type="stmt"/>
        <line num="27" count="90" type="cond" truecount="2" falsecount="0"/>
        <line num="28" count="90" type="stmt"/>
        <line num="29" count="90" type="cond" truecount="2" falsecount="0"/>
        <line num="30" count="90" type="cond" truecount="3" falsecount="0"/>
        <line num="33" count="11" type="stmt"/>
        <line num="42" count="6" type="stmt"/>
        <line num="49" count="1" type="stmt"/>
        <line num="62" count="0" type="stmt"/>
        <line num="68" count="0" type="stmt"/>
        <line num="74" count="0" type="stmt"/>
        <line num="80" count="1" type="stmt"/>
        <line num="94" count="38" type="stmt"/>
      </file>
    </package>
    <package name="mocks">
      <metrics statements="9" coveredstatements="8" conditionals="2" coveredconditionals="1" methods="4" coveredmethods="4"/>
      <file name="handlers.js" path="C:\Users\Mauricio\Documents\centroeventos\src\mocks\handlers.js">
        <metrics statements="8" coveredstatements="7" conditionals="2" coveredconditionals="1" methods="4" coveredmethods="4"/>
        <line num="4" count="2" type="stmt"/>
        <line num="88" count="2" type="stmt"/>
        <line num="92" count="18" type="stmt"/>
        <line num="99" count="2" type="stmt"/>
        <line num="104" count="1" type="stmt"/>
        <line num="106" count="1" type="cond" truecount="1" falsecount="1"/>
        <line num="107" count="0" type="stmt"/>
        <line num="110" count="1" type="stmt"/>
      </file>
      <file name="server.js" path="C:\Users\Mauricio\Documents\centroeventos\src\mocks\server.js">
        <metrics statements="1" coveredstatements="1" conditionals="0" coveredconditionals="0" methods="0" coveredmethods="0"/>
        <line num="4" count="2" type="stmt"/>
      </file>
    </package>
  </project>
</coverage>
