{"C:\\Users\\Mauricio\\Documents\\centroeventos\\src\\components\\RecipeDetail.jsx": {"path":"C:\\Users\\Mauricio\\Documents\\centroeventos\\src\\components\\RecipeDetail.jsx","statementMap":{"0":{"start":{"line":4,"column":27},"end":{"line":4,"column":null}},"1":{"start":{"line":15,"column":13},"end":{"line":15,"column":null}},"2":{"start":{"line":16,"column":31},"end":{"line":18,"column":null}},"3":{"start":{"line":20,"column":2},"end":{"line":20,"column":null}},"4":{"start":{"line":20,"column":15},"end":{"line":20,"column":null}},"5":{"start":{"line":21,"column":2},"end":{"line":21,"column":null}},"6":{"start":{"line":21,"column":13},"end":{"line":21,"column":null}},"7":{"start":{"line":23,"column":21},"end":{"line":23,"column":null}},"8":{"start":{"line":25,"column":2},"end":{"line":51,"column":null}},"9":{"start":{"line":41,"column":14},"end":{"line":41,"column":null}}},"fnMap":{"0":{"name":"RecipeDetail","decl":{"start":{"line":14,"column":24},"end":{"line":14,"column":39}},"loc":{"start":{"line":14,"column":39},"end":{"line":53,"column":null}},"line":14},"1":{"name":"(anonymous_1)","decl":{"start":{"line":40,"column":36},"end":{"line":40,"column":37}},"loc":{"start":{"line":41,"column":14},"end":{"line":41,"column":null}},"line":41}},"branchMap":{"0":{"loc":{"start":{"line":20,"column":2},"end":{"line":20,"column":null}},"type":"if","locations":[{"start":{"line":20,"column":2},"end":{"line":20,"column":null}},{"start":{},"end":{}}],"line":20},"1":{"loc":{"start":{"line":21,"column":2},"end":{"line":21,"column":null}},"type":"if","locations":[{"start":{"line":21,"column":2},"end":{"line":21,"column":null}},{"start":{},"end":{}}],"line":21}},"s":{"0":1,"1":4,"2":4,"3":4,"4":2,"5":2,"6":2,"7":1,"8":1,"9":5},"f":{"0":4,"1":5},"b":{"0":[2,2],"1":[1,1]},"meta":{"lastBranch":2,"lastFunction":2,"lastStatement":10,"seen":{"s:4:27:4:Infinity":0,"f:14:24:14:39":0,"s:15:13:15:Infinity":1,"s:16:31:18:Infinity":2,"b:20:2:20:Infinity:undefined:undefined:undefined:undefined":0,"s:20:2:20:Infinity":3,"s:20:15:20:Infinity":4,"b:21:2:21:Infinity:undefined:undefined:undefined:undefined":1,"s:21:2:21:Infinity":5,"s:21:13:21:Infinity":6,"s:23:21:23:Infinity":7,"s:25:2:51:Infinity":8,"f:40:36:40:37":1,"s:41:14:41:Infinity":9}}}
,"C:\\Users\\Mauricio\\Documents\\centroeventos\\src\\components\\RecipeList.jsx": {"path":"C:\\Users\\Mauricio\\Documents\\centroeventos\\src\\components\\RecipeList.jsx","statementMap":{"0":{"start":{"line":5,"column":28},"end":{"line":5,"column":null}},"1":{"start":{"line":6,"column":28},"end":{"line":6,"column":null}},"2":{"start":{"line":7,"column":26},"end":{"line":7,"column":null}},"3":{"start":{"line":8,"column":34},"end":{"line":8,"column":null}},"4":{"start":{"line":9,"column":46},"end":{"line":9,"column":null}},"5":{"start":{"line":11,"column":2},"end":{"line":22,"column":null}},"6":{"start":{"line":12,"column":4},"end":{"line":21,"column":null}},"7":{"start":{"line":13,"column":21},"end":{"line":13,"column":31}},"8":{"start":{"line":15,"column":8},"end":{"line":15,"column":null}},"9":{"start":{"line":16,"column":8},"end":{"line":16,"column":null}},"10":{"start":{"line":19,"column":8},"end":{"line":19,"column":null}},"11":{"start":{"line":20,"column":8},"end":{"line":20,"column":null}},"12":{"start":{"line":24,"column":2},"end":{"line":24,"column":null}},"13":{"start":{"line":24,"column":15},"end":{"line":24,"column":null}},"14":{"start":{"line":26,"column":26},"end":{"line":31,"column":null}},"15":{"start":{"line":27,"column":28},"end":{"line":27,"column":null}},"16":{"start":{"line":28,"column":26},"end":{"line":28,"column":null}},"17":{"start":{"line":29,"column":30},"end":{"line":29,"column":null}},"18":{"start":{"line":30,"column":4},"end":{"line":30,"column":null}},"19":{"start":{"line":33,"column":2},"end":{"line":112,"column":null}},"20":{"start":{"line":42,"column":29},"end":{"line":42,"column":null}},"21":{"start":{"line":49,"column":29},"end":{"line":49,"column":null}},"22":{"start":{"line":62,"column":25},"end":{"line":62,"column":null}},"23":{"start":{"line":68,"column":25},"end":{"line":68,"column":null}},"24":{"start":{"line":74,"column":25},"end":{"line":74,"column":null}},"25":{"start":{"line":80,"column":25},"end":{"line":80,"column":null}},"26":{"start":{"line":94,"column":8},"end":{"line":109,"column":null}}},"fnMap":{"0":{"name":"RecipeList","decl":{"start":{"line":4,"column":24},"end":{"line":4,"column":37}},"loc":{"start":{"line":4,"column":37},"end":{"line":114,"column":null}},"line":4},"1":{"name":"(anonymous_1)","decl":{"start":{"line":11,"column":12},"end":{"line":11,"column":18}},"loc":{"start":{"line":11,"column":18},"end":{"line":22,"column":5}},"line":11},"2":{"name":"(anonymous_2)","decl":{"start":{"line":13,"column":12},"end":{"line":13,"column":13}},"loc":{"start":{"line":13,"column":21},"end":{"line":13,"column":31}},"line":13},"3":{"name":"(anonymous_3)","decl":{"start":{"line":14,"column":12},"end":{"line":14,"column":13}},"loc":{"start":{"line":14,"column":22},"end":{"line":17,"column":7}},"line":14},"4":{"name":"(anonymous_4)","decl":{"start":{"line":18,"column":13},"end":{"line":18,"column":14}},"loc":{"start":{"line":18,"column":22},"end":{"line":21,"column":7}},"line":18},"5":{"name":"(anonymous_5)","decl":{"start":{"line":26,"column":41},"end":{"line":26,"column":42}},"loc":{"start":{"line":26,"column":53},"end":{"line":31,"column":3}},"line":26},"6":{"name":"(anonymous_6)","decl":{"start":{"line":42,"column":22},"end":{"line":42,"column":23}},"loc":{"start":{"line":42,"column":29},"end":{"line":42,"column":null}},"line":42},"7":{"name":"(anonymous_7)","decl":{"start":{"line":49,"column":22},"end":{"line":49,"column":23}},"loc":{"start":{"line":49,"column":29},"end":{"line":49,"column":null}},"line":49},"8":{"name":"(anonymous_8)","decl":{"start":{"line":62,"column":19},"end":{"line":62,"column":25}},"loc":{"start":{"line":62,"column":25},"end":{"line":62,"column":null}},"line":62},"9":{"name":"(anonymous_9)","decl":{"start":{"line":68,"column":19},"end":{"line":68,"column":25}},"loc":{"start":{"line":68,"column":25},"end":{"line":68,"column":null}},"line":68},"10":{"name":"(anonymous_10)","decl":{"start":{"line":74,"column":19},"end":{"line":74,"column":25}},"loc":{"start":{"line":74,"column":25},"end":{"line":74,"column":null}},"line":74},"11":{"name":"(anonymous_11)","decl":{"start":{"line":80,"column":19},"end":{"line":80,"column":25}},"loc":{"start":{"line":80,"column":25},"end":{"line":80,"column":null}},"line":80},"12":{"name":"(anonymous_12)","decl":{"start":{"line":93,"column":28},"end":{"line":93,"column":29}},"loc":{"start":{"line":94,"column":8},"end":{"line":109,"column":null}},"line":94}},"branchMap":{"0":{"loc":{"start":{"line":24,"column":2},"end":{"line":24,"column":null}},"type":"if","locations":[{"start":{"line":24,"column":2},"end":{"line":24,"column":null}},{"start":{},"end":{}}],"line":24},"1":{"loc":{"start":{"line":27,"column":28},"end":{"line":27,"column":null}},"type":"binary-expr","locations":[{"start":{"line":27,"column":28},"end":{"line":27,"column":50}},{"start":{"line":27,"column":50},"end":{"line":27,"column":null}}],"line":27},"2":{"loc":{"start":{"line":29,"column":30},"end":{"line":29,"column":null}},"type":"binary-expr","locations":[{"start":{"line":29,"column":30},"end":{"line":29,"column":62}},{"start":{"line":29,"column":62},"end":{"line":29,"column":null}}],"line":29},"3":{"loc":{"start":{"line":30,"column":11},"end":{"line":30,"column":null}},"type":"binary-expr","locations":[{"start":{"line":30,"column":11},"end":{"line":30,"column":30}},{"start":{"line":30,"column":30},"end":{"line":30,"column":47}},{"start":{"line":30,"column":47},"end":{"line":30,"column":null}}],"line":30},"4":{"loc":{"start":{"line":61,"column":28},"end":{"line":61,"column":86}},"type":"cond-expr","locations":[{"start":{"line":61,"column":49},"end":{"line":61,"column":65}},{"start":{"line":61,"column":65},"end":{"line":61,"column":86}}],"line":61},"5":{"loc":{"start":{"line":67,"column":28},"end":{"line":67,"column":89}},"type":"cond-expr","locations":[{"start":{"line":67,"column":52},"end":{"line":67,"column":68}},{"start":{"line":67,"column":68},"end":{"line":67,"column":89}}],"line":67},"6":{"loc":{"start":{"line":73,"column":28},"end":{"line":73,"column":96}},"type":"cond-expr","locations":[{"start":{"line":73,"column":59},"end":{"line":73,"column":75}},{"start":{"line":73,"column":75},"end":{"line":73,"column":96}}],"line":73},"7":{"loc":{"start":{"line":79,"column":28},"end":{"line":79,"column":88}},"type":"cond-expr","locations":[{"start":{"line":79,"column":51},"end":{"line":79,"column":67}},{"start":{"line":79,"column":67},"end":{"line":79,"column":88}}],"line":79},"8":{"loc":{"start":{"line":87,"column":7},"end":{"line":110,"column":null}},"type":"cond-expr","locations":[{"start":{"line":88,"column":8},"end":{"line":91,"column":null}},{"start":{"line":93,"column":8},"end":{"line":110,"column":null}}],"line":87},"9":{"loc":{"start":{"line":100,"column":54},"end":{"line":100,"column":123}},"type":"cond-expr","locations":[{"start":{"line":100,"column":86},"end":{"line":100,"column":101}},{"start":{"line":100,"column":101},"end":{"line":100,"column":123}}],"line":100}},"s":{"0":14,"1":14,"2":14,"3":14,"4":14,"5":14,"6":3,"7":3,"8":2,"9":2,"10":1,"11":1,"12":14,"13":3,"14":11,"15":90,"16":90,"17":90,"18":90,"19":11,"20":6,"21":1,"22":0,"23":0,"24":0,"25":1,"26":38},"f":{"0":14,"1":3,"2":3,"3":2,"4":1,"5":90,"6":6,"7":1,"8":0,"9":0,"10":0,"11":1,"12":38},"b":{"0":[3,11],"1":[90,18],"2":[90,9],"3":[90,78,41],"4":[9,2],"5":[0,11],"6":[0,11],"7":[2,9],"8":[2,9],"9":[23,15]},"meta":{"lastBranch":10,"lastFunction":13,"lastStatement":27,"seen":{"f:4:24:4:37":0,"s:5:28:5:Infinity":0,"s:6:28:6:Infinity":1,"s:7:26:7:Infinity":2,"s:8:34:8:Infinity":3,"s:9:46:9:Infinity":4,"s:11:2:22:Infinity":5,"f:11:12:11:18":1,"s:12:4:21:Infinity":6,"f:13:12:13:13":2,"s:13:21:13:31":7,"f:14:12:14:13":3,"s:15:8:15:Infinity":8,"s:16:8:16:Infinity":9,"f:18:13:18:14":4,"s:19:8:19:Infinity":10,"s:20:8:20:Infinity":11,"b:24:2:24:Infinity:undefined:undefined:undefined:undefined":0,"s:24:2:24:Infinity":12,"s:24:15:24:Infinity":13,"s:26:26:31:Infinity":14,"f:26:41:26:42":5,"s:27:28:27:Infinity":15,"b:27:28:27:50:27:50:27:Infinity":1,"s:28:26:28:Infinity":16,"s:29:30:29:Infinity":17,"b:29:30:29:62:29:62:29:Infinity":2,"s:30:4:30:Infinity":18,"b:30:11:30:30:30:30:30:47:30:47:30:Infinity":3,"s:33:2:112:Infinity":19,"f:42:22:42:23":6,"s:42:29:42:Infinity":20,"f:49:22:49:23":7,"s:49:29:49:Infinity":21,"b:61:49:61:65:61:65:61:86":4,"f:62:19:62:25":8,"s:62:25:62:Infinity":22,"b:67:52:67:68:67:68:67:89":5,"f:68:19:68:25":9,"s:68:25:68:Infinity":23,"b:73:59:73:75:73:75:73:96":6,"f:74:19:74:25":10,"s:74:25:74:Infinity":24,"b:79:51:79:67:79:67:79:88":7,"f:80:19:80:25":11,"s:80:25:80:Infinity":25,"b:88:8:91:Infinity:93:8:110:Infinity":8,"f:93:28:93:29":12,"s:94:8:109:Infinity":26,"b:100:86:100:101:100:101:100:123":9}}}
,"C:\\Users\\Mauricio\\Documents\\centroeventos\\src\\mocks\\handlers.js": {"path":"C:\\Users\\Mauricio\\Documents\\centroeventos\\src\\mocks\\handlers.js","statementMap":{"0":{"start":{"line":4,"column":16},"end":{"line":86,"column":null}},"1":{"start":{"line":88,"column":24},"end":{"line":120,"column":null}},"2":{"start":{"line":92,"column":20},"end":{"line":97,"column":null}},"3":{"start":{"line":92,"column":74},"end":{"line":97,"column":5}},"4":{"start":{"line":99,"column":4},"end":{"line":99,"column":null}},"5":{"start":{"line":104,"column":19},"end":{"line":104,"column":null}},"6":{"start":{"line":104,"column":37},"end":{"line":104,"column":58}},"7":{"start":{"line":106,"column":4},"end":{"line":108,"column":null}},"8":{"start":{"line":107,"column":6},"end":{"line":107,"column":null}},"9":{"start":{"line":110,"column":4},"end":{"line":118,"column":null}}},"fnMap":{"0":{"name":"(anonymous_0)","decl":{"start":{"line":90,"column":27},"end":{"line":90,"column":28}},"loc":{"start":{"line":90,"column":33},"end":{"line":100,"column":3}},"line":90},"1":{"name":"(anonymous_1)","decl":{"start":{"line":92,"column":32},"end":{"line":92,"column":33}},"loc":{"start":{"line":92,"column":74},"end":{"line":97,"column":5}},"line":92},"2":{"name":"(anonymous_2)","decl":{"start":{"line":103,"column":36},"end":{"line":103,"column":37}},"loc":{"start":{"line":103,"column":55},"end":{"line":119,"column":3}},"line":103},"3":{"name":"(anonymous_3)","decl":{"start":{"line":104,"column":32},"end":{"line":104,"column":33}},"loc":{"start":{"line":104,"column":37},"end":{"line":104,"column":58}},"line":104}},"branchMap":{"0":{"loc":{"start":{"line":106,"column":4},"end":{"line":108,"column":null}},"type":"if","locations":[{"start":{"line":106,"column":4},"end":{"line":108,"column":null}},{"start":{},"end":{}}],"line":106}},"s":{"0":2,"1":2,"2":2,"3":18,"4":2,"5":1,"6":1,"7":1,"8":0,"9":1},"f":{"0":2,"1":18,"2":1,"3":1},"b":{"0":[0,1]},"meta":{"lastBranch":1,"lastFunction":4,"lastStatement":10,"seen":{"s:4:16:86:Infinity":0,"s:88:24:120:Infinity":1,"f:90:27:90:28":0,"s:92:20:97:Infinity":2,"f:92:32:92:33":1,"s:92:74:97:5":3,"s:99:4:99:Infinity":4,"f:103:36:103:37":2,"s:104:19:104:Infinity":5,"f:104:32:104:33":3,"s:104:37:104:58":6,"b:106:4:108:Infinity:undefined:undefined:undefined:undefined":0,"s:106:4:108:Infinity":7,"s:107:6:107:Infinity":8,"s:110:4:118:Infinity":9}}}
,"C:\\Users\\Mauricio\\Documents\\centroeventos\\src\\mocks\\server.js": {"path":"C:\\Users\\Mauricio\\Documents\\centroeventos\\src\\mocks\\server.js","statementMap":{"0":{"start":{"line":4,"column":21},"end":{"line":4,"column":null}}},"fnMap":{},"branchMap":{},"s":{"0":2},"f":{},"b":{},"meta":{"lastBranch":0,"lastFunction":0,"lastStatement":1,"seen":{"s:4:21:4:Infinity":0}}}
}
